Copyright 1986-2019 Xilinx, Inc. All Rights Reserved.
------------------------------------------------------------------------------------
| Tool Version : Vivado v.2019.2 (win64) Build 2708876 Wed Nov  6 21:40:23 MST 2019
| Date         : Thu Dec 17 00:59:17 2020
| Host         : MSI running 64-bit major release  (build 9200)
| Command      : report_control_sets -verbose -file top_control_sets_placed.rpt
| Design       : top
| Device       : xc7a100t
------------------------------------------------------------------------------------

Control Set Information

Table of Contents
-----------------
1. Summary
2. Histogram
3. Flip-Flop Distribution
4. Detailed Control Set Information

1. Summary
----------

+----------------------------------------------------------+-------+
|                          Status                          | Count |
+----------------------------------------------------------+-------+
| Total control sets                                       |     5 |
|    Minimum number of control sets                        |     5 |
|    Addition due to synthesis replication                 |     0 |
|    Addition due to physical synthesis replication        |     0 |
| Unused register locations in slices containing registers |    24 |
+----------------------------------------------------------+-------+
* Control sets can be merged at opt_design using control_set_merge or merge_equivalent_drivers
** Run report_qor_suggestions for automated merging and remapping suggestions


2. Histogram
------------

+--------------------+-------+
|       Fanout       | Count |
+--------------------+-------+
| Total control sets |     5 |
| >= 0 to < 4        |     0 |
| >= 4 to < 6        |     1 |
| >= 6 to < 8        |     1 |
| >= 8 to < 10       |     0 |
| >= 10 to < 12      |     3 |
| >= 12 to < 14      |     0 |
| >= 14 to < 16      |     0 |
| >= 16              |     0 |
+--------------------+-------+
* Control sets can be remapped at either synth_design or opt_design


3. Flip-Flop Distribution
-------------------------

+--------------+-----------------------+------------------------+-----------------+--------------+
| Clock Enable | Synchronous Set/Reset | Asynchronous Set/Reset | Total Registers | Total Slices |
+--------------+-----------------------+------------------------+-----------------+--------------+
| No           | No                    | No                     |               6 |            4 |
| No           | No                    | Yes                    |               0 |            0 |
| No           | Yes                   | No                     |               0 |            0 |
| Yes          | No                    | No                     |               0 |            0 |
| Yes          | No                    | Yes                    |               0 |            0 |
| Yes          | Yes                   | No                     |              34 |           13 |
+--------------+-----------------------+------------------------+-----------------+--------------+


4. Detailed Control Set Information
-----------------------------------

+------------------------+-------------------------------------+-----------------------------------+------------------+----------------+
|      Clock Signal      |            Enable Signal            |          Set/Reset Signal         | Slice Load Count | Bel Load Count |
+------------------------+-------------------------------------+-----------------------------------+------------------+----------------+
|  CLKWIZ0/inst/clk_out1 | vga_horiz/SPRITE_STATE_reg[0][0]    | reset                             |                1 |              4 |
|  CLKWIZ0/inst/clk_out1 |                                     |                                   |                4 |              6 |
|  CLKWIZ0/inst/clk_out1 | vga_horiz/H_count_value0            | reset                             |                3 |             10 |
|  CLKWIZ0/inst/clk_out1 | vga_horiz/E[0]                      | vga_horiz/SR[0]                   |                4 |             10 |
|  CLKWIZ0/inst/clk_out1 | vga_horiz/H_count_value_reg[5]_0[0] | vga_vert/V_count_value[9]_i_1_n_0 |                5 |             10 |
+------------------------+-------------------------------------+-----------------------------------+------------------+----------------+


